0 info it worked if it ends with ok
1 verbose cli [ '/Users/daniel/.nvm/versions/node/v6.11.2/bin/node',
1 verbose cli   '/Users/daniel/.nvm/versions/node/v6.11.2/bin/npm',
1 verbose cli   'start' ]
2 info using npm@3.10.10
3 info using node@v6.11.2
4 verbose config Skipping project config: /Users/daniel/.npmrc. (matches userconfig)
5 verbose stack Error: missing script: start
5 verbose stack     at run (/Users/daniel/.nvm/versions/node/v6.11.2/lib/node_modules/npm/lib/run-script.js:151:19)
5 verbose stack     at /Users/daniel/.nvm/versions/node/v6.11.2/lib/node_modules/npm/lib/run-script.js:61:5
5 verbose stack     at /Users/daniel/.nvm/versions/node/v6.11.2/lib/node_modules/npm/node_modules/read-package-json/read-json.js:356:5
5 verbose stack     at checkBinReferences_ (/Users/daniel/.nvm/versions/node/v6.11.2/lib/node_modules/npm/node_modules/read-package-json/read-json.js:320:45)
5 verbose stack     at final (/Users/daniel/.nvm/versions/node/v6.11.2/lib/node_modules/npm/node_modules/read-package-json/read-json.js:354:3)
5 verbose stack     at then (/Users/daniel/.nvm/versions/node/v6.11.2/lib/node_modules/npm/node_modules/read-package-json/read-json.js:124:5)
5 verbose stack     at ReadFileContext.<anonymous> (/Users/daniel/.nvm/versions/node/v6.11.2/lib/node_modules/npm/node_modules/read-package-json/read-json.js:295:20)
5 verbose stack     at ReadFileContext.callback (/Users/daniel/.nvm/versions/node/v6.11.2/lib/node_modules/npm/node_modules/graceful-fs/graceful-fs.js:78:16)
5 verbose stack     at FSReqWrap.readFileAfterOpen [as oncomplete] (fs.js:366:13)
6 verbose cwd /Users/daniel/Documents/FlatironWork/Mod4Work/mod4_project/Flatiron_Map
7 error Darwin 17.6.0
8 error argv "/Users/daniel/.nvm/versions/node/v6.11.2/bin/node" "/Users/daniel/.nvm/versions/node/v6.11.2/bin/npm" "start"
9 error node v6.11.2
10 error npm  v3.10.10
11 error missing script: start
12 error If you need help, you may report this error at:
12 error     <https://github.com/npm/npm/issues>
13 verbose exit [ 1, true ]
